0 info it worked if it ends with ok
1 verbose cli [ '/usr/bin/node', '/usr/bin/npm', 'run', 'build' ]
2 info using npm@3.5.2
3 info using node@v8.10.0
4 verbose run-script [ 'prebuild', 'build', 'postbuild' ]
5 info lifecycle aylien-news-api@5.1.1~prebuild: aylien-news-api@5.1.1
6 silly lifecycle aylien-news-api@5.1.1~prebuild: no script for prebuild, continuing
7 info lifecycle aylien-news-api@5.1.1~build: aylien-news-api@5.1.1
8 verbose lifecycle aylien-news-api@5.1.1~build: unsafe-perm in lifecycle true
9 verbose lifecycle aylien-news-api@5.1.1~build: PATH: /usr/share/npm/bin/node-gyp-bin:/home/fabio/aylien/repos/apis/sdks/v5/news-api/javascript/node_modules/.bin:/home/fabio/aylien/repos/apis/scripts/venv/bin:/home/fabio/.krew/bin:/home/fabio/google-cloud-sdk/bin:/home/fabio/bin:/home/fabio/.local/bin:/home/fabio/.local/bin:/home/fabio/bin:/usr/local/sbin:/usr/local/bin:/usr/sbin:/usr/bin:/sbin:/bin:/usr/games:/usr/local/games:/snap/bin:/usr/share/rvm/bin:/usr/local/go/bin:/home/fabio/.local/share/JetBrains/Toolbox/scripts:/home/fabio/.oh-my-zsh/plugins/kubetail:/home/fabio/.rvm/bin:/home/fabio/go/bin:/usr/local/go/bin
10 verbose lifecycle aylien-news-api@5.1.1~build: CWD: /home/fabio/aylien/repos/apis/sdks/v5/news-api/javascript
11 silly lifecycle aylien-news-api@5.1.1~build: Args: [ '-c', 'babel src -d dist' ]
12 info lifecycle aylien-news-api@5.1.1~build: Failed to exec build script
13 verbose stack Error: aylien-news-api@5.1.1 build: `babel src -d dist`
13 verbose stack spawn ENOENT
13 verbose stack     at ChildProcess.<anonymous> (/usr/share/npm/lib/utils/spawn.js:17:16)
13 verbose stack     at emitTwo (events.js:126:13)
13 verbose stack     at ChildProcess.emit (events.js:214:7)
13 verbose stack     at maybeClose (internal/child_process.js:925:16)
13 verbose stack     at Process.ChildProcess._handle.onexit (internal/child_process.js:209:5)
14 verbose pkgid aylien-news-api@5.1.1
15 verbose cwd /home/fabio/aylien/repos/apis/sdks/v5/news-api/javascript
16 error Linux 5.4.0-121-generic
17 error argv "/usr/bin/node" "/usr/bin/npm" "run" "build"
18 error node v8.10.0
19 error npm  v3.5.2
20 error file sh
21 error code ELIFECYCLE
22 error errno ENOENT
23 error syscall spawn
24 error aylien-news-api@5.1.1 build: `babel src -d dist`
24 error spawn ENOENT
25 error Failed at the aylien-news-api@5.1.1 build script 'babel src -d dist'.
25 error Make sure you have the latest version of node.js and npm installed.
25 error If you do, this is most likely a problem with the aylien-news-api package,
25 error not with npm itself.
25 error Tell the author that this fails on your system:
25 error     babel src -d dist
25 error You can get information on how to open an issue for this project with:
25 error     npm bugs aylien-news-api
25 error Or if that isn't available, you can get their info via:
25 error     npm owner ls aylien-news-api
25 error There is likely additional logging output above.
26 verbose exit [ 1, true ]
